<?xml version="1.0" encoding="UTF-8"?>
<TestRun id="cede78f1-0670-4137-be73-9258f76c4a1e" name="6334mhoang@D6334C03 2013-03-22 11:38:17" runUser="LDNR\6334mhoang" xmlns="http://microsoft.com/schemas/VisualStudio/TeamTest/2010">
  <TestSettings name="Local" id="fd839494-e25d-495c-90c1-f53b3f2be908">
    <Description>These are default test settings for a local test run.</Description>
    <Deployment enabled="false" runDeploymentRoot="6334mhoang_D6334C03 2013-03-22 11_38_17">
      <DeploymentItem filename="C:\Program Files\Microsoft ASP.NET\ASP.NET Web Pages\v1.0\Assemblies\System.Web.WebPages.Razor.dll" />
      <DeploymentItem filename="C:\Program Files\Reference Assemblies\Microsoft\Framework\.NETFramework\v4.0\System.Web.Abstractions.dll" />
      <DeploymentItem filename="C:\Program Files\Microsoft ASP.NET\ASP.NET Web Pages\v1.0\Assemblies\Microsoft.Web.Infrastructure.dll" />
      <DeploymentItem filename="C:\Program Files\Microsoft ASP.NET\ASP.NET Web Pages\v1.0\Assemblies\System.Web.WebPages.Deployment.dll" />
      <DeploymentItem filename="D:\Source\Application\ExpatManager1.3\ExpatManager\packages\PagedList.Mvc.3.9\lib\net40\PagedList.Mvc.dll" />
      <DeploymentItem filename="D:\Source\Application\ExpatManager1.3\ExpatManager\packages\microsoft-web-helpers.1.15\lib\Microsoft.Web.Helpers.dll" />
      <DeploymentItem filename="C:\Program Files\Microsoft ASP.NET\ASP.NET Web Pages\v1.0\Assemblies\System.Web.WebPages.dll" />
      <DeploymentItem filename="C:\Program Files\Microsoft ASP.NET\ASP.NET Web Pages\v1.0\Assemblies\System.Web.Helpers.dll" />
      <DeploymentItem filename="D:\Source\Application\ExpatManager1.3\ExpatManager\packages\routedebugger.2.1.1\lib\net40\RouteDebugger.dll" />
      <DeploymentItem filename="D:\Source\Application\ExpatManager1.3\ExpatManager\packages\EntityFramework.4.1.10331.0\lib\EntityFramework.dll" />
      <DeploymentItem filename="C:\Program Files\Microsoft ASP.NET\ASP.NET MVC 3\Assemblies\System.Web.Mvc.dll" />
      <DeploymentItem filename="D:\Source\Application\ExpatManager1.3\ExpatManager\ExpatManager\bin\ExpatManager.dll" />
      <DeploymentItem filename="C:\Program Files\Reference Assemblies\Microsoft\Framework\.NETFramework\v4.0\System.Web.Routing.dll" />
      <DeploymentItem filename="C:\Program Files\Microsoft ASP.NET\ASP.NET Web Pages\v1.0\Assemblies\System.Web.Razor.dll" />
      <DeploymentItem filename="D:\Source\Application\ExpatManager1.3\ExpatManager\packages\PagedList.1.10\lib\net40\PagedList.dll" />
      <DeploymentItem filename="D:\Source\Application\ExpatManager1.3\ExpatManager\packages\PagedListExt.0.3.4\lib\net40\Calabonga.Mvc.Extentions.dll" />
    </Deployment>
    <Execution>
      <TestTypeSpecific />
      <AgentRule name="Execution Agents">
      </AgentRule>
    </Execution>
  </TestSettings>
  <Times creation="2013-03-22T11:38:17.8372157+00:00" queuing="2013-03-22T11:38:38.7122157+00:00" start="2013-03-22T11:38:39.6965907+00:00" finish="2013-03-22T11:39:09.4622157+00:00" />
  <ResultSummary outcome="Failed">
    <Counters total="3" executed="3" passed="2" error="0" failed="1" timeout="0" aborted="0" inconclusive="0" passedButRunAborted="0" notRunnable="0" notExecuted="0" disconnected="0" warning="0" completed="0" inProgress="0" pending="0" />
  </ResultSummary>
  <TestDefinitions>
    <UnitTest name="EditTest" storage="d:\source\application\expatmanager1.3\expatmanager\expatmanagement.test\bin\debug\expatmanagement.test.dll" id="e6b99806-0450-4af9-c8bf-8ac38aa00b42">
      <Execution id="01066d37-254a-4011-a28a-0bd70e147966" />
      <TestMethod codeBase="D:/Source/Application/ExpatManager1.3/ExpatManager/ExpatManagement.Test/bin/Debug/ExpatManagement.Test.DLL" adapterTypeName="Microsoft.VisualStudio.TestTools.TestTypes.Unit.UnitTestAdapter, Microsoft.VisualStudio.QualityTools.Tips.UnitTest.Adapter, Version=10.0.0.0, Culture=neutral, PublicKeyToken=b03f5f7f11d50a3a" className="ExpatManagement.Test.CeilingTableControllerTest, ExpatManagement.Test, Version=1.0.0.0, Culture=neutral, PublicKeyToken=null" name="EditTest" />
    </UnitTest>
    <UnitTest name="ProRataPaymentTest" storage="d:\source\application\expatmanager1.3\expatmanager\expatmanagement.test\bin\debug\expatmanagement.test.dll" id="dce777d0-ece4-9c8f-0a5e-78503ac44e53">
      <Execution id="b469394e-9e67-4c8d-98e3-5a69c1dd8720" />
      <TestMethod codeBase="D:/Source/Application/ExpatManager1.3/ExpatManager/ExpatManagement.Test/bin/Debug/ExpatManagement.Test.DLL" adapterTypeName="Microsoft.VisualStudio.TestTools.TestTypes.Unit.UnitTestAdapter, Microsoft.VisualStudio.QualityTools.Tips.UnitTest.Adapter, Version=10.0.0.0, Culture=neutral, PublicKeyToken=b03f5f7f11d50a3a" className="ExpatManagement.Test.ExpatCalculationTest, ExpatManagement.Test, Version=1.0.0.0, Culture=neutral, PublicKeyToken=null" name="ProRataPaymentTest" />
    </UnitTest>
    <UnitTest name="FinalPaymentTest" storage="d:\source\application\expatmanager1.3\expatmanager\expatmanagement.test\bin\debug\expatmanagement.test.dll" id="6054e473-7476-a6b6-0855-3144d06c3032">
      <Execution id="2f3c1e46-1b76-4641-988d-1ddb4a523844" />
      <TestMethod codeBase="D:/Source/Application/ExpatManager1.3/ExpatManager/ExpatManagement.Test/bin/Debug/ExpatManagement.Test.DLL" adapterTypeName="Microsoft.VisualStudio.TestTools.TestTypes.Unit.UnitTestAdapter, Microsoft.VisualStudio.QualityTools.Tips.UnitTest.Adapter, Version=10.0.0.0, Culture=neutral, PublicKeyToken=b03f5f7f11d50a3a" className="ExpatManagement.Test.ExpatCalculationTest, ExpatManagement.Test, Version=1.0.0.0, Culture=neutral, PublicKeyToken=null" name="FinalPaymentTest" />
    </UnitTest>
  </TestDefinitions>
  <TestLists>
    <TestList name="Results Not in a List" id="8c84fa94-04c1-424b-9868-57a2d4851a1d" />
    <TestList name="All Loaded Results" id="19431567-8539-422a-85d7-44ee4e166bda" />
  </TestLists>
  <TestEntries>
    <TestEntry testId="6054e473-7476-a6b6-0855-3144d06c3032" executionId="2f3c1e46-1b76-4641-988d-1ddb4a523844" testListId="8c84fa94-04c1-424b-9868-57a2d4851a1d" />
    <TestEntry testId="dce777d0-ece4-9c8f-0a5e-78503ac44e53" executionId="b469394e-9e67-4c8d-98e3-5a69c1dd8720" testListId="8c84fa94-04c1-424b-9868-57a2d4851a1d" />
    <TestEntry testId="e6b99806-0450-4af9-c8bf-8ac38aa00b42" executionId="01066d37-254a-4011-a28a-0bd70e147966" testListId="8c84fa94-04c1-424b-9868-57a2d4851a1d" />
  </TestEntries>
  <Results>
    <UnitTestResult executionId="2f3c1e46-1b76-4641-988d-1ddb4a523844" testId="6054e473-7476-a6b6-0855-3144d06c3032" testName="FinalPaymentTest" computerName="D6334C03" duration="00:00:00.9296841" startTime="2013-03-22T11:38:40.2122157+00:00" endTime="2013-03-22T11:38:43.3215907+00:00" testType="13cdc9d9-ddb5-4fa4-a97d-d965ccfc6d4b" outcome="Passed" testListId="8c84fa94-04c1-424b-9868-57a2d4851a1d" relativeResultsDirectory="2f3c1e46-1b76-4641-988d-1ddb4a523844">
    </UnitTestResult>
    <UnitTestResult executionId="b469394e-9e67-4c8d-98e3-5a69c1dd8720" testId="dce777d0-ece4-9c8f-0a5e-78503ac44e53" testName="ProRataPaymentTest" computerName="D6334C03" duration="00:00:00.0005934" startTime="2013-03-22T11:38:43.3215907+00:00" endTime="2013-03-22T11:38:43.3215907+00:00" testType="13cdc9d9-ddb5-4fa4-a97d-d965ccfc6d4b" outcome="Passed" testListId="8c84fa94-04c1-424b-9868-57a2d4851a1d" relativeResultsDirectory="b469394e-9e67-4c8d-98e3-5a69c1dd8720">
    </UnitTestResult>
    <UnitTestResult executionId="01066d37-254a-4011-a28a-0bd70e147966" testId="e6b99806-0450-4af9-c8bf-8ac38aa00b42" testName="EditTest" computerName="D6334C03" duration="00:00:24.4797565" startTime="2013-03-22T11:38:43.3215907+00:00" endTime="2013-03-22T11:39:07.8059657+00:00" testType="13cdc9d9-ddb5-4fa4-a97d-d965ccfc6d4b" outcome="Failed" testListId="8c84fa94-04c1-424b-9868-57a2d4851a1d" relativeResultsDirectory="01066d37-254a-4011-a28a-0bd70e147966">
      <Output>
        <ErrorInfo>
          <Message>Test method ExpatManagement.Test.CeilingTableControllerTest.EditTest threw exception: 
System.Data.DataException: An exception occurred while initializing the database. See the InnerException for details. ---&gt; System.Data.EntityException: The underlying provider failed on Open. ---&gt; System.Data.SqlClient.SqlException: Cannot open database "ExpatManager.Models.ExpatriateManagementContext" requested by the login. The login failed.
Login failed for user 'LDNR\6334MHoang'.</Message>
          <StackTrace>    at System.Data.SqlClient.SqlInternalConnection.OnError(SqlException exception, Boolean breakConnection)
   at System.Data.SqlClient.TdsParser.ThrowExceptionAndWarning()
   at System.Data.SqlClient.TdsParser.Run(RunBehavior runBehavior, SqlCommand cmdHandler, SqlDataReader dataStream, BulkCopySimpleResultSet bulkCopyHandler, TdsParserStateObject stateObj)
   at System.Data.SqlClient.SqlInternalConnectionTds.CompleteLogin(Boolean enlistOK)
   at System.Data.SqlClient.SqlInternalConnectionTds.AttemptOneLogin(ServerInfo serverInfo, String newPassword, Boolean ignoreSniOpenTimeout, TimeoutTimer timeout, SqlConnection owningObject, Boolean withFailover)
   at System.Data.SqlClient.SqlInternalConnectionTds.LoginNoFailover(ServerInfo serverInfo, String newPassword, Boolean redirectedUserInstance, SqlConnection owningObject, SqlConnectionString connectionOptions, TimeoutTimer timeout)
   at System.Data.SqlClient.SqlInternalConnectionTds.OpenLoginEnlist(SqlConnection owningObject, TimeoutTimer timeout, SqlConnectionString connectionOptions, String newPassword, Boolean redirectedUserInstance)
   at System.Data.SqlClient.SqlInternalConnectionTds..ctor(DbConnectionPoolIdentity identity, SqlConnectionString connectionOptions, Object providerInfo, String newPassword, SqlConnection owningObject, Boolean redirectedUserInstance)
   at System.Data.SqlClient.SqlConnectionFactory.CreateConnection(DbConnectionOptions options, Object poolGroupProviderInfo, DbConnectionPool pool, DbConnection owningConnection)
   at System.Data.ProviderBase.DbConnectionFactory.CreatePooledConnection(DbConnection owningConnection, DbConnectionPool pool, DbConnectionOptions options)
   at System.Data.ProviderBase.DbConnectionPool.CreateObject(DbConnection owningObject)
   at System.Data.ProviderBase.DbConnectionPool.UserCreateRequest(DbConnection owningObject)
   at System.Data.ProviderBase.DbConnectionPool.GetConnection(DbConnection owningObject)
   at System.Data.ProviderBase.DbConnectionFactory.GetConnection(DbConnection owningConnection)
   at System.Data.ProviderBase.DbConnectionClosed.OpenConnection(DbConnection outerConnection, DbConnectionFactory connectionFactory)
   at System.Data.SqlClient.SqlConnection.Open()
   at System.Data.EntityClient.EntityConnection.OpenStoreConnectionIf(Boolean openCondition, DbConnection storeConnectionToOpen, DbConnection originalConnection, String exceptionCode, String attemptedOperation, Boolean&amp; closeStoreConnectionOnFailure)
 --- End of inner exception stack trace ---
    at System.Data.EntityClient.EntityConnection.OpenStoreConnectionIf(Boolean openCondition, DbConnection storeConnectionToOpen, DbConnection originalConnection, String exceptionCode, String attemptedOperation, Boolean&amp; closeStoreConnectionOnFailure)
   at System.Data.EntityClient.EntityConnection.Open()
   at System.Data.Objects.ObjectContext.EnsureConnection()
   at System.Data.Objects.ObjectQuery`1.GetResults(Nullable`1 forMergeOption)
   at System.Data.Objects.ObjectQuery`1.System.Collections.Generic.IEnumerable&lt;T&gt;.GetEnumerator()
   at System.Linq.Enumerable.FirstOrDefault[TSource](IEnumerable`1 source)
   at System.Data.Objects.ELinq.ObjectQueryProvider.&lt;GetElementFunction&gt;b__1[TResult](IEnumerable`1 sequence)
   at System.Data.Objects.ELinq.ObjectQueryProvider.ExecuteSingle[TResult](IEnumerable`1 query, Expression queryRoot)
   at System.Data.Objects.ELinq.ObjectQueryProvider.System.Linq.IQueryProvider.Execute[S](Expression expression)
   at System.Data.Entity.Internal.Linq.DbQueryProvider.Execute[TResult](Expression expression)
   at System.Linq.Queryable.FirstOrDefault[TSource](IQueryable`1 source)
   at System.Data.Entity.Internal.InternalContext.QueryForModelHash()
   at System.Data.Entity.Internal.InternalContext.CompatibleWithModel(Boolean throwIfNoMetadata)
   at System.Data.Entity.CreateDatabaseIfNotExists`1.InitializeDatabase(TContext context)
   at System.Data.Entity.Internal.InternalContext.&lt;&gt;c__DisplayClass5.&lt;PerformDatabaseInitialization&gt;b__3()
   at System.Data.Entity.Internal.InternalContext.PerformInitializationAction(Action action)
 --- End of inner exception stack trace ---
    at System.Data.Entity.Internal.InternalContext.PerformInitializationAction(Action action)
   at System.Data.Entity.Internal.InternalContext.PerformDatabaseInitialization()
   at System.Data.Entity.Internal.LazyInternalContext.&lt;InitializeDatabase&gt;b__4(InternalContext c)
   at System.Data.Entity.Internal.RetryAction`1.PerformAction(TInput input)
   at System.Data.Entity.Internal.LazyInternalContext.InitializeDatabaseAction(Action`1 action)
   at System.Data.Entity.Internal.LazyInternalContext.InitializeDatabase()
   at System.Data.Entity.Internal.InternalContext.GetEntitySetAndBaseTypeForType(Type entityType)
   at System.Data.Entity.Internal.Linq.InternalSet`1.Initialize()
   at System.Data.Entity.Internal.Linq.InternalSet`1.get_InternalContext()
   at System.Data.Entity.Internal.Linq.InternalSet`1.Find(Object[] keyValues)
   at System.Data.Entity.DbSet`1.Find(Object[] keyValues)
   at ExpatManager.Controllers.CeilingTableController.Edit(Int32 id) in D:\Source\Application\ExpatManager1.3\ExpatManager\ExpatManager\Controllers\CeilingTableController.cs:line 133
   at ExpatManagement.Test.CeilingTableControllerTest.EditTest() in D:\Source\Application\ExpatManager1.3\ExpatManager\ExpatManagement.Test\CeilingTableControllerTest.cs:line 87
</StackTrace>
        </ErrorInfo>
      </Output>
    </UnitTestResult>
  </Results>
</TestRun>