<?xml version="1.0" encoding="UTF-8"?>
<TestRun id="155834ff-424b-4e3b-aef4-d91063764b87" name="6334mhoang@D6334C03 2012-10-02 17:29:30" runUser="LDNR\6334mhoang" xmlns="http://microsoft.com/schemas/VisualStudio/TeamTest/2010">
  <TestSettings name="Local" id="fd839494-e25d-495c-90c1-f53b3f2be908">
    <Description>These are default test settings for a local test run.</Description>
    <Deployment enabled="false" runDeploymentRoot="6334mhoang_D6334C03 2012-10-02 17_29_30">
      <DeploymentItem filename="D:\Source\Application\ExpatManager1.2a\ExpatManager\packages\EntityFramework.4.1.10331.0\lib\EntityFramework.dll" />
      <DeploymentItem filename="C:\Program Files\Microsoft ASP.NET\ASP.NET Web Pages\v1.0\Assemblies\System.Web.WebPages.Razor.dll" />
      <DeploymentItem filename="D:\Source\Application\ExpatManager1.2a\ExpatManager\packages\routedebugger.2.1.1\lib\net40\RouteDebugger.dll" />
      <DeploymentItem filename="C:\Program Files\Microsoft ASP.NET\ASP.NET Web Pages\v1.0\Assemblies\Microsoft.Web.Infrastructure.dll" />
      <DeploymentItem filename="C:\Program Files\Microsoft ASP.NET\ASP.NET Web Pages\v1.0\Assemblies\System.Web.WebPages.Deployment.dll" />
      <DeploymentItem filename="C:\Program Files\Microsoft ASP.NET\ASP.NET Web Pages\v1.0\Assemblies\System.Web.WebPages.dll" />
      <DeploymentItem filename="C:\Program Files\Microsoft ASP.NET\ASP.NET Web Pages\v1.0\Assemblies\System.Web.Helpers.dll" />
      <DeploymentItem filename="D:\Source\Application\ExpatManager1.2a\ExpatManager\ExpatManager\bin\ExpatManager.dll" />
      <DeploymentItem filename="D:\Source\Application\ExpatManager1.2a\ExpatManager\packages\PagedList.Mvc.3.9\lib\net40\PagedList.Mvc.dll" />
      <DeploymentItem filename="D:\Source\Application\ExpatManager1.2a\ExpatManager\packages\microsoft-web-helpers.1.15\lib\Microsoft.Web.Helpers.dll" />
      <DeploymentItem filename="C:\Program Files\Reference Assemblies\Microsoft\Framework\.NETFramework\v4.0\System.Web.Routing.dll" />
      <DeploymentItem filename="C:\Program Files\Microsoft ASP.NET\ASP.NET Web Pages\v1.0\Assemblies\System.Web.Razor.dll" />
      <DeploymentItem filename="C:\Program Files\Reference Assemblies\Microsoft\Framework\.NETFramework\v4.0\System.Web.Abstractions.dll" />
      <DeploymentItem filename="D:\Source\Application\ExpatManager1.2a\ExpatManager\packages\PagedList.1.10\lib\net40\PagedList.dll" />
      <DeploymentItem filename="C:\Program Files\Microsoft ASP.NET\ASP.NET MVC 3\Assemblies\System.Web.Mvc.dll" />
      <DeploymentItem filename="D:\Source\Application\ExpatManager1.2a\ExpatManager\packages\PagedListExt.0.3.4\lib\net40\Calabonga.Mvc.Extentions.dll" />
    </Deployment>
    <Execution>
      <TestTypeSpecific />
      <AgentRule name="Execution Agents">
      </AgentRule>
    </Execution>
  </TestSettings>
  <Times creation="2012-10-02T17:29:30.7302540+01:00" queuing="2012-10-02T17:29:30.8396290+01:00" start="2012-10-02T17:29:30.8708790+01:00" finish="2012-10-02T17:29:31.3240040+01:00" />
  <ResultSummary outcome="Failed">
    <Counters total="1" executed="1" error="0" failed="1" timeout="0" aborted="0" inconclusive="0" passedButRunAborted="0" notRunnable="0" notExecuted="0" disconnected="0" warning="0" passed="0" completed="0" inProgress="0" pending="0" />
  </ResultSummary>
  <TestDefinitions>
    <UnitTest name="ProRataPaymentTest" storage="d:\source\application\expatmanager1.2a\expatmanager\expatmanagement.test\bin\debug\expatmanagement.test.dll" id="dce777d0-ece4-9c8f-0a5e-78503ac44e53">
      <Execution id="43d027df-2700-4b85-a89a-3e25a1db37a1" />
      <TestMethod codeBase="D:/Source/Application/ExpatManager1.2a/ExpatManager/ExpatManagement.Test/bin/Debug/ExpatManagement.Test.DLL" adapterTypeName="Microsoft.VisualStudio.TestTools.TestTypes.Unit.UnitTestAdapter, Microsoft.VisualStudio.QualityTools.Tips.UnitTest.Adapter, Version=10.0.0.0, Culture=neutral, PublicKeyToken=b03f5f7f11d50a3a" className="ExpatManagement.Test.ExpatCalculationTest, ExpatManagement.Test, Version=1.0.0.0, Culture=neutral, PublicKeyToken=null" name="ProRataPaymentTest" />
    </UnitTest>
  </TestDefinitions>
  <TestLists>
    <TestList name="Results Not in a List" id="8c84fa94-04c1-424b-9868-57a2d4851a1d" />
    <TestList name="All Loaded Results" id="19431567-8539-422a-85d7-44ee4e166bda" />
  </TestLists>
  <TestEntries>
    <TestEntry testId="dce777d0-ece4-9c8f-0a5e-78503ac44e53" executionId="43d027df-2700-4b85-a89a-3e25a1db37a1" testListId="8c84fa94-04c1-424b-9868-57a2d4851a1d" />
  </TestEntries>
  <Results>
    <UnitTestResult executionId="43d027df-2700-4b85-a89a-3e25a1db37a1" testId="dce777d0-ece4-9c8f-0a5e-78503ac44e53" testName="ProRataPaymentTest" computerName="D6334C03" duration="00:00:00.0657798" startTime="2012-10-02T17:29:30.9021290+01:00" endTime="2012-10-02T17:29:31.1521290+01:00" testType="13cdc9d9-ddb5-4fa4-a97d-d965ccfc6d4b" outcome="Failed" testListId="8c84fa94-04c1-424b-9868-57a2d4851a1d" relativeResultsDirectory="43d027df-2700-4b85-a89a-3e25a1db37a1">
      <Output>
        <ErrorInfo>
          <Message>Assert.AreEqual failed. Expected:&lt;2351.55&gt;. Actual:&lt;2351.5504109589041095890410959&gt;. </Message>
          <StackTrace>   at ExpatManagement.Test.ExpatCalculationTest.ProRataPaymentTest() in D:\Source\Application\ExpatManager1.2a\ExpatManager\ExpatManagement.Test\ExpatCalculationTest.cs:line 82
</StackTrace>
        </ErrorInfo>
      </Output>
    </UnitTestResult>
  </Results>
</TestRun>