<?xml version="1.0" encoding="UTF-8"?>
<TestRun id="d20eaecc-541a-4395-92ce-1f0d02deb0b7" name="6334mhoang@D6334C03 2013-12-04 11:59:30" runUser="LDNR\6334mhoang" xmlns="http://microsoft.com/schemas/VisualStudio/TeamTest/2010">
  <TestSettings name="Local" id="fd839494-e25d-495c-90c1-f53b3f2be908">
    <Description>These are default test settings for a local test run.</Description>
    <Deployment enabled="false" runDeploymentRoot="6334mhoang_D6334C03 2013-12-04 11_59_30">
      <DeploymentItem filename="C:\Program Files\Microsoft ASP.NET\ASP.NET Web Pages\v1.0\Assemblies\System.Web.WebPages.Razor.dll" />
      <DeploymentItem filename="C:\Program Files\Reference Assemblies\Microsoft\Framework\.NETFramework\v4.0\System.Web.Abstractions.dll" />
      <DeploymentItem filename="C:\Program Files\Microsoft ASP.NET\ASP.NET Web Pages\v1.0\Assemblies\Microsoft.Web.Infrastructure.dll" />
      <DeploymentItem filename="C:\Program Files\Microsoft ASP.NET\ASP.NET Web Pages\v1.0\Assemblies\System.Web.WebPages.Deployment.dll" />
      <DeploymentItem filename="D:\Source\Application\ExpatManager1.3\ExpatManager\packages\PagedList.Mvc.3.9\lib\net40\PagedList.Mvc.dll" />
      <DeploymentItem filename="D:\Source\Application\ExpatManager1.3\ExpatManager\packages\microsoft-web-helpers.1.15\lib\Microsoft.Web.Helpers.dll" />
      <DeploymentItem filename="C:\Program Files\Microsoft ASP.NET\ASP.NET Web Pages\v1.0\Assemblies\System.Web.WebPages.dll" />
      <DeploymentItem filename="C:\Program Files\Microsoft ASP.NET\ASP.NET Web Pages\v1.0\Assemblies\System.Web.Helpers.dll" />
      <DeploymentItem filename="D:\Source\Application\ExpatManager1.3\ExpatManager\packages\routedebugger.2.1.1\lib\net40\RouteDebugger.dll" />
      <DeploymentItem filename="D:\Source\Application\ExpatManager1.3\ExpatManager\packages\EntityFramework.4.1.10331.0\lib\EntityFramework.dll" />
      <DeploymentItem filename="C:\Program Files\Microsoft ASP.NET\ASP.NET MVC 3\Assemblies\System.Web.Mvc.dll" />
      <DeploymentItem filename="D:\Source\Application\ExpatManager1.3\ExpatManager\ExpatManager\bin\ExpatManager.dll" />
      <DeploymentItem filename="C:\Program Files\Reference Assemblies\Microsoft\Framework\.NETFramework\v4.0\System.Web.Routing.dll" />
      <DeploymentItem filename="C:\Program Files\Microsoft ASP.NET\ASP.NET Web Pages\v1.0\Assemblies\System.Web.Razor.dll" />
      <DeploymentItem filename="D:\Source\Application\ExpatManager1.3\ExpatManager\packages\PagedList.1.10\lib\net40\PagedList.dll" />
      <DeploymentItem filename="D:\Source\Application\ExpatManager1.3\ExpatManager\packages\PagedListExt.0.3.4\lib\net40\Calabonga.Mvc.Extentions.dll" />
    </Deployment>
    <Execution>
      <TestTypeSpecific />
      <AgentRule name="Execution Agents">
      </AgentRule>
    </Execution>
  </TestSettings>
  <Times creation="2013-12-04T11:59:30.6492527+00:00" queuing="2013-12-04T11:59:37.4148344+00:00" start="2013-12-04T11:59:38.0867051+00:00" finish="2013-12-04T11:59:39.9616931+00:00" />
  <ResultSummary outcome="Failed">
    <Counters total="3" executed="3" passed="1" error="0" failed="2" timeout="0" aborted="0" inconclusive="0" passedButRunAborted="0" notRunnable="0" notExecuted="0" disconnected="0" warning="0" completed="0" inProgress="0" pending="0" />
  </ResultSummary>
  <TestDefinitions>
    <UnitTest name="EditTest" storage="d:\source\application\expatmanager1.3\expatmanager\expatmanagement.test\bin\debug\expatmanagement.test.dll" id="e6b99806-0450-4af9-c8bf-8ac38aa00b42">
      <Execution id="5a9fd1f2-f5b7-466e-ae4b-aa88031a7942" />
      <TestMethod codeBase="D:/Source/Application/ExpatManager1.3/ExpatManager/ExpatManagement.Test/bin/Debug/ExpatManagement.Test.DLL" adapterTypeName="Microsoft.VisualStudio.TestTools.TestTypes.Unit.UnitTestAdapter, Microsoft.VisualStudio.QualityTools.Tips.UnitTest.Adapter, Version=10.0.0.0, Culture=neutral, PublicKeyToken=b03f5f7f11d50a3a" className="ExpatManagement.Test.CeilingTableControllerTest, ExpatManagement.Test, Version=1.0.0.0, Culture=neutral, PublicKeyToken=null" name="EditTest" />
    </UnitTest>
    <UnitTest name="ProRataPaymentTest" storage="d:\source\application\expatmanager1.3\expatmanager\expatmanagement.test\bin\debug\expatmanagement.test.dll" id="dce777d0-ece4-9c8f-0a5e-78503ac44e53">
      <Execution id="8b8b045b-d7f4-4da7-bf3a-7671079e5246" />
      <TestMethod codeBase="D:/Source/Application/ExpatManager1.3/ExpatManager/ExpatManagement.Test/bin/Debug/ExpatManagement.Test.DLL" adapterTypeName="Microsoft.VisualStudio.TestTools.TestTypes.Unit.UnitTestAdapter, Microsoft.VisualStudio.QualityTools.Tips.UnitTest.Adapter, Version=10.0.0.0, Culture=neutral, PublicKeyToken=b03f5f7f11d50a3a" className="ExpatManagement.Test.ExpatCalculationTest, ExpatManagement.Test, Version=1.0.0.0, Culture=neutral, PublicKeyToken=null" name="ProRataPaymentTest" />
    </UnitTest>
    <UnitTest name="FinalPaymentTest" storage="d:\source\application\expatmanager1.3\expatmanager\expatmanagement.test\bin\debug\expatmanagement.test.dll" id="6054e473-7476-a6b6-0855-3144d06c3032">
      <Execution id="7a23e69a-5535-483e-99fb-c5f6f7e41bcd" />
      <TestMethod codeBase="D:/Source/Application/ExpatManager1.3/ExpatManager/ExpatManagement.Test/bin/Debug/ExpatManagement.Test.DLL" adapterTypeName="Microsoft.VisualStudio.TestTools.TestTypes.Unit.UnitTestAdapter, Microsoft.VisualStudio.QualityTools.Tips.UnitTest.Adapter, Version=10.0.0.0, Culture=neutral, PublicKeyToken=b03f5f7f11d50a3a" className="ExpatManagement.Test.ExpatCalculationTest, ExpatManagement.Test, Version=1.0.0.0, Culture=neutral, PublicKeyToken=null" name="FinalPaymentTest" />
    </UnitTest>
  </TestDefinitions>
  <TestLists>
    <TestList name="Results Not in a List" id="8c84fa94-04c1-424b-9868-57a2d4851a1d" />
    <TestList name="All Loaded Results" id="19431567-8539-422a-85d7-44ee4e166bda" />
  </TestLists>
  <TestEntries>
    <TestEntry testId="6054e473-7476-a6b6-0855-3144d06c3032" executionId="7a23e69a-5535-483e-99fb-c5f6f7e41bcd" testListId="8c84fa94-04c1-424b-9868-57a2d4851a1d" />
    <TestEntry testId="dce777d0-ece4-9c8f-0a5e-78503ac44e53" executionId="8b8b045b-d7f4-4da7-bf3a-7671079e5246" testListId="8c84fa94-04c1-424b-9868-57a2d4851a1d" />
    <TestEntry testId="e6b99806-0450-4af9-c8bf-8ac38aa00b42" executionId="5a9fd1f2-f5b7-466e-ae4b-aa88031a7942" testListId="8c84fa94-04c1-424b-9868-57a2d4851a1d" />
  </TestEntries>
  <Results>
    <UnitTestResult executionId="7a23e69a-5535-483e-99fb-c5f6f7e41bcd" testId="6054e473-7476-a6b6-0855-3144d06c3032" testName="FinalPaymentTest" computerName="D6334C03" duration="00:00:00.3986334" startTime="2013-12-04T11:59:38.2898288+00:00" endTime="2013-12-04T11:59:39.5398208+00:00" testType="13cdc9d9-ddb5-4fa4-a97d-d965ccfc6d4b" outcome="Passed" testListId="8c84fa94-04c1-424b-9868-57a2d4851a1d" relativeResultsDirectory="7a23e69a-5535-483e-99fb-c5f6f7e41bcd">
    </UnitTestResult>
    <UnitTestResult executionId="8b8b045b-d7f4-4da7-bf3a-7671079e5246" testId="dce777d0-ece4-9c8f-0a5e-78503ac44e53" testName="ProRataPaymentTest" computerName="D6334C03" duration="00:00:00.1120203" startTime="2013-12-04T11:59:39.5398208+00:00" endTime="2013-12-04T11:59:39.6648200+00:00" testType="13cdc9d9-ddb5-4fa4-a97d-d965ccfc6d4b" outcome="Failed" testListId="8c84fa94-04c1-424b-9868-57a2d4851a1d" relativeResultsDirectory="8b8b045b-d7f4-4da7-bf3a-7671079e5246">
      <Output>
        <ErrorInfo>
          <Message>Assert.AreEqual failed. Expected:&lt;2351.55&gt;. Actual:&lt;74.85&gt;. </Message>
          <StackTrace>   at ExpatManagement.Test.ExpatCalculationTest.ProRataPaymentTest() in D:\Source\Application\ExpatManager1.3\ExpatManager\ExpatManagement.Test\ExpatCalculationTest.cs:line 82
</StackTrace>
        </ErrorInfo>
      </Output>
    </UnitTestResult>
    <UnitTestResult executionId="5a9fd1f2-f5b7-466e-ae4b-aa88031a7942" testId="e6b99806-0450-4af9-c8bf-8ac38aa00b42" testName="EditTest" computerName="D6334C03" duration="00:00:00.0890135" startTime="2013-12-04T11:59:39.6648200+00:00" endTime="2013-12-04T11:59:39.7585694+00:00" testType="13cdc9d9-ddb5-4fa4-a97d-d965ccfc6d4b" outcome="Failed" testListId="8c84fa94-04c1-424b-9868-57a2d4851a1d" relativeResultsDirectory="5a9fd1f2-f5b7-466e-ae4b-aa88031a7942">
      <Output>
        <ErrorInfo>
          <Message>Test method ExpatManagement.Test.CeilingTableControllerTest.EditTest threw exception: 
System.ArgumentException: Requested value 'SpouseAndChild' was not found.</Message>
          <StackTrace>    at System.Enum.EnumResult.SetFailure(ParseFailureKind failure, String failureMessageID, Object failureMessageFormatArgument)
   at System.Enum.TryParseEnum(Type enumType, String value, Boolean ignoreCase, EnumResult&amp; parseResult)
   at System.Enum.Parse(Type enumType, String value, Boolean ignoreCase)
   at System.Enum.Parse(Type enumType, String value)
   at ExpatManagement.Test.CeilingTableControllerTest.EditTest() in D:\Source\Application\ExpatManager1.3\ExpatManager\ExpatManagement.Test\CeilingTableControllerTest.cs:line 85
</StackTrace>
        </ErrorInfo>
      </Output>
    </UnitTestResult>
  </Results>
</TestRun>