<?xml version="1.0" encoding="UTF-8"?>
<TestRun id="740252b0-147a-48ab-b307-17fe8d835668" name="6334mhoang@D6334C03 2012-10-02 17:43:55" runUser="LDNR\6334mhoang" xmlns="http://microsoft.com/schemas/VisualStudio/TeamTest/2010">
  <TestSettings name="Local" id="fd839494-e25d-495c-90c1-f53b3f2be908">
    <Description>These are default test settings for a local test run.</Description>
    <Deployment enabled="false" runDeploymentRoot="6334mhoang_D6334C03 2012-10-02 17_43_55">
      <DeploymentItem filename="D:\Source\Application\ExpatManager1.2a\ExpatManager\packages\EntityFramework.4.1.10331.0\lib\EntityFramework.dll" />
      <DeploymentItem filename="C:\Program Files\Microsoft ASP.NET\ASP.NET Web Pages\v1.0\Assemblies\System.Web.WebPages.Razor.dll" />
      <DeploymentItem filename="D:\Source\Application\ExpatManager1.2a\ExpatManager\packages\routedebugger.2.1.1\lib\net40\RouteDebugger.dll" />
      <DeploymentItem filename="C:\Program Files\Microsoft ASP.NET\ASP.NET Web Pages\v1.0\Assemblies\Microsoft.Web.Infrastructure.dll" />
      <DeploymentItem filename="C:\Program Files\Microsoft ASP.NET\ASP.NET Web Pages\v1.0\Assemblies\System.Web.WebPages.Deployment.dll" />
      <DeploymentItem filename="C:\Program Files\Microsoft ASP.NET\ASP.NET Web Pages\v1.0\Assemblies\System.Web.WebPages.dll" />
      <DeploymentItem filename="C:\Program Files\Microsoft ASP.NET\ASP.NET Web Pages\v1.0\Assemblies\System.Web.Helpers.dll" />
      <DeploymentItem filename="D:\Source\Application\ExpatManager1.2a\ExpatManager\ExpatManager\bin\ExpatManager.dll" />
      <DeploymentItem filename="D:\Source\Application\ExpatManager1.2a\ExpatManager\packages\PagedList.Mvc.3.9\lib\net40\PagedList.Mvc.dll" />
      <DeploymentItem filename="D:\Source\Application\ExpatManager1.2a\ExpatManager\packages\microsoft-web-helpers.1.15\lib\Microsoft.Web.Helpers.dll" />
      <DeploymentItem filename="C:\Program Files\Reference Assemblies\Microsoft\Framework\.NETFramework\v4.0\System.Web.Routing.dll" />
      <DeploymentItem filename="C:\Program Files\Microsoft ASP.NET\ASP.NET Web Pages\v1.0\Assemblies\System.Web.Razor.dll" />
      <DeploymentItem filename="C:\Program Files\Reference Assemblies\Microsoft\Framework\.NETFramework\v4.0\System.Web.Abstractions.dll" />
      <DeploymentItem filename="D:\Source\Application\ExpatManager1.2a\ExpatManager\packages\PagedList.1.10\lib\net40\PagedList.dll" />
      <DeploymentItem filename="C:\Program Files\Microsoft ASP.NET\ASP.NET MVC 3\Assemblies\System.Web.Mvc.dll" />
      <DeploymentItem filename="D:\Source\Application\ExpatManager1.2a\ExpatManager\packages\PagedListExt.0.3.4\lib\net40\Calabonga.Mvc.Extentions.dll" />
    </Deployment>
    <Execution>
      <TestTypeSpecific />
      <AgentRule name="Execution Agents">
      </AgentRule>
    </Execution>
  </TestSettings>
  <Times creation="2012-10-02T17:43:55.9177540+01:00" queuing="2012-10-02T17:43:56.1365040+01:00" start="2012-10-02T17:43:56.1365040+01:00" finish="2012-10-02T17:43:56.4646290+01:00" />
  <ResultSummary outcome="Completed">
    <Counters total="2" executed="2" passed="2" error="0" failed="0" timeout="0" aborted="0" inconclusive="0" passedButRunAborted="0" notRunnable="0" notExecuted="0" disconnected="0" warning="0" completed="0" inProgress="0" pending="0" />
  </ResultSummary>
  <TestDefinitions>
    <UnitTest name="ProRataPaymentTest" storage="d:\source\application\expatmanager1.2a\expatmanager\expatmanagement.test\bin\debug\expatmanagement.test.dll" id="dce777d0-ece4-9c8f-0a5e-78503ac44e53">
      <Execution id="5a502cb7-50aa-41f1-a7dd-b8e1daddd671" />
      <TestMethod codeBase="D:/Source/Application/ExpatManager1.2a/ExpatManager/ExpatManagement.Test/bin/Debug/ExpatManagement.Test.DLL" adapterTypeName="Microsoft.VisualStudio.TestTools.TestTypes.Unit.UnitTestAdapter, Microsoft.VisualStudio.QualityTools.Tips.UnitTest.Adapter, Version=10.0.0.0, Culture=neutral, PublicKeyToken=b03f5f7f11d50a3a" className="ExpatManagement.Test.ExpatCalculationTest, ExpatManagement.Test, Version=1.0.0.0, Culture=neutral, PublicKeyToken=null" name="ProRataPaymentTest" />
    </UnitTest>
    <UnitTest name="FinalPaymentTest" storage="d:\source\application\expatmanager1.2a\expatmanager\expatmanagement.test\bin\debug\expatmanagement.test.dll" id="6054e473-7476-a6b6-0855-3144d06c3032">
      <Execution id="6b7c4b7a-5bd3-4fe1-9a15-c0e1fe48312a" />
      <TestMethod codeBase="D:/Source/Application/ExpatManager1.2a/ExpatManager/ExpatManagement.Test/bin/Debug/ExpatManagement.Test.DLL" adapterTypeName="Microsoft.VisualStudio.TestTools.TestTypes.Unit.UnitTestAdapter, Microsoft.VisualStudio.QualityTools.Tips.UnitTest.Adapter, Version=10.0.0.0, Culture=neutral, PublicKeyToken=b03f5f7f11d50a3a" className="ExpatManagement.Test.ExpatCalculationTest, ExpatManagement.Test, Version=1.0.0.0, Culture=neutral, PublicKeyToken=null" name="FinalPaymentTest" />
    </UnitTest>
  </TestDefinitions>
  <TestLists>
    <TestList name="Results Not in a List" id="8c84fa94-04c1-424b-9868-57a2d4851a1d" />
    <TestList name="All Loaded Results" id="19431567-8539-422a-85d7-44ee4e166bda" />
  </TestLists>
  <TestEntries>
    <TestEntry testId="6054e473-7476-a6b6-0855-3144d06c3032" executionId="6b7c4b7a-5bd3-4fe1-9a15-c0e1fe48312a" testListId="8c84fa94-04c1-424b-9868-57a2d4851a1d" />
    <TestEntry testId="dce777d0-ece4-9c8f-0a5e-78503ac44e53" executionId="5a502cb7-50aa-41f1-a7dd-b8e1daddd671" testListId="8c84fa94-04c1-424b-9868-57a2d4851a1d" />
  </TestEntries>
  <Results>
    <UnitTestResult executionId="6b7c4b7a-5bd3-4fe1-9a15-c0e1fe48312a" testId="6054e473-7476-a6b6-0855-3144d06c3032" testName="FinalPaymentTest" computerName="D6334C03" duration="00:00:00.0530140" startTime="2012-10-02T17:43:56.1677540+01:00" endTime="2012-10-02T17:43:56.4021290+01:00" testType="13cdc9d9-ddb5-4fa4-a97d-d965ccfc6d4b" outcome="Passed" testListId="8c84fa94-04c1-424b-9868-57a2d4851a1d" relativeResultsDirectory="6b7c4b7a-5bd3-4fe1-9a15-c0e1fe48312a">
    </UnitTestResult>
    <UnitTestResult executionId="5a502cb7-50aa-41f1-a7dd-b8e1daddd671" testId="dce777d0-ece4-9c8f-0a5e-78503ac44e53" testName="ProRataPaymentTest" computerName="D6334C03" duration="00:00:00.0005708" startTime="2012-10-02T17:43:56.4177540+01:00" endTime="2012-10-02T17:43:56.4333790+01:00" testType="13cdc9d9-ddb5-4fa4-a97d-d965ccfc6d4b" outcome="Passed" testListId="8c84fa94-04c1-424b-9868-57a2d4851a1d" relativeResultsDirectory="5a502cb7-50aa-41f1-a7dd-b8e1daddd671">
    </UnitTestResult>
  </Results>
</TestRun>