<?xml version="1.0" encoding="UTF-8"?>
<TestRun id="7932fbd0-5004-4455-ae39-8e98ceab3817" name="6334mhoang@D6334C03 2012-10-02 17:45:28" runUser="LDNR\6334mhoang" xmlns="http://microsoft.com/schemas/VisualStudio/TeamTest/2010">
  <TestSettings name="Local" id="fd839494-e25d-495c-90c1-f53b3f2be908">
    <Description>These are default test settings for a local test run.</Description>
    <Deployment enabled="false" runDeploymentRoot="6334mhoang_D6334C03 2012-10-02 17_45_28">
      <DeploymentItem filename="D:\Source\Application\ExpatManager1.2a\ExpatManager\packages\EntityFramework.4.1.10331.0\lib\EntityFramework.dll" />
      <DeploymentItem filename="C:\Program Files\Microsoft ASP.NET\ASP.NET Web Pages\v1.0\Assemblies\System.Web.WebPages.Razor.dll" />
      <DeploymentItem filename="D:\Source\Application\ExpatManager1.2a\ExpatManager\packages\routedebugger.2.1.1\lib\net40\RouteDebugger.dll" />
      <DeploymentItem filename="C:\Program Files\Microsoft ASP.NET\ASP.NET Web Pages\v1.0\Assemblies\Microsoft.Web.Infrastructure.dll" />
      <DeploymentItem filename="C:\Program Files\Microsoft ASP.NET\ASP.NET Web Pages\v1.0\Assemblies\System.Web.WebPages.Deployment.dll" />
      <DeploymentItem filename="C:\Program Files\Microsoft ASP.NET\ASP.NET Web Pages\v1.0\Assemblies\System.Web.WebPages.dll" />
      <DeploymentItem filename="C:\Program Files\Microsoft ASP.NET\ASP.NET Web Pages\v1.0\Assemblies\System.Web.Helpers.dll" />
      <DeploymentItem filename="D:\Source\Application\ExpatManager1.2a\ExpatManager\ExpatManager\bin\ExpatManager.dll" />
      <DeploymentItem filename="D:\Source\Application\ExpatManager1.2a\ExpatManager\packages\PagedList.Mvc.3.9\lib\net40\PagedList.Mvc.dll" />
      <DeploymentItem filename="D:\Source\Application\ExpatManager1.2a\ExpatManager\packages\microsoft-web-helpers.1.15\lib\Microsoft.Web.Helpers.dll" />
      <DeploymentItem filename="C:\Program Files\Reference Assemblies\Microsoft\Framework\.NETFramework\v4.0\System.Web.Routing.dll" />
      <DeploymentItem filename="C:\Program Files\Microsoft ASP.NET\ASP.NET Web Pages\v1.0\Assemblies\System.Web.Razor.dll" />
      <DeploymentItem filename="C:\Program Files\Reference Assemblies\Microsoft\Framework\.NETFramework\v4.0\System.Web.Abstractions.dll" />
      <DeploymentItem filename="D:\Source\Application\ExpatManager1.2a\ExpatManager\packages\PagedList.1.10\lib\net40\PagedList.dll" />
      <DeploymentItem filename="C:\Program Files\Microsoft ASP.NET\ASP.NET MVC 3\Assemblies\System.Web.Mvc.dll" />
      <DeploymentItem filename="D:\Source\Application\ExpatManager1.2a\ExpatManager\packages\PagedListExt.0.3.4\lib\net40\Calabonga.Mvc.Extentions.dll" />
    </Deployment>
    <Execution>
      <TestTypeSpecific />
      <AgentRule name="Execution Agents">
      </AgentRule>
    </Execution>
  </TestSettings>
  <Times creation="2012-10-02T17:45:28.9802540+01:00" queuing="2012-10-02T17:45:29.3865040+01:00" start="2012-10-02T17:45:29.4490040+01:00" finish="2012-10-02T17:45:30.0115040+01:00" />
  <ResultSummary outcome="Failed">
    <Counters total="1" executed="1" error="0" failed="1" timeout="0" aborted="0" inconclusive="0" passedButRunAborted="0" notRunnable="0" notExecuted="0" disconnected="0" warning="0" passed="0" completed="0" inProgress="0" pending="0" />
  </ResultSummary>
  <TestDefinitions>
    <UnitTest name="FinalPaymentTest" storage="d:\source\application\expatmanager1.2a\expatmanager\expatmanagement.test\bin\debug\expatmanagement.test.dll" id="6054e473-7476-a6b6-0855-3144d06c3032">
      <Execution id="353cb0a8-7218-47fe-8022-84444a740785" />
      <TestMethod codeBase="D:/Source/Application/ExpatManager1.2a/ExpatManager/ExpatManagement.Test/bin/Debug/ExpatManagement.Test.DLL" adapterTypeName="Microsoft.VisualStudio.TestTools.TestTypes.Unit.UnitTestAdapter, Microsoft.VisualStudio.QualityTools.Tips.UnitTest.Adapter, Version=10.0.0.0, Culture=neutral, PublicKeyToken=b03f5f7f11d50a3a" className="ExpatManagement.Test.ExpatCalculationTest, ExpatManagement.Test, Version=1.0.0.0, Culture=neutral, PublicKeyToken=null" name="FinalPaymentTest" />
    </UnitTest>
  </TestDefinitions>
  <TestLists>
    <TestList name="Results Not in a List" id="8c84fa94-04c1-424b-9868-57a2d4851a1d" />
    <TestList name="All Loaded Results" id="19431567-8539-422a-85d7-44ee4e166bda" />
  </TestLists>
  <TestEntries>
    <TestEntry testId="6054e473-7476-a6b6-0855-3144d06c3032" executionId="353cb0a8-7218-47fe-8022-84444a740785" testListId="8c84fa94-04c1-424b-9868-57a2d4851a1d" />
  </TestEntries>
  <Results>
    <UnitTestResult executionId="353cb0a8-7218-47fe-8022-84444a740785" testId="6054e473-7476-a6b6-0855-3144d06c3032" testName="FinalPaymentTest" computerName="D6334C03" duration="00:00:00.0785752" startTime="2012-10-02T17:45:29.5115040+01:00" endTime="2012-10-02T17:45:29.9802540+01:00" testType="13cdc9d9-ddb5-4fa4-a97d-d965ccfc6d4b" outcome="Failed" testListId="8c84fa94-04c1-424b-9868-57a2d4851a1d" relativeResultsDirectory="353cb0a8-7218-47fe-8022-84444a740785">
      <Output>
        <ErrorInfo>
          <Message>Assert.AreEqual failed. Expected:&lt;2201.5&gt;. Actual:&lt;2201.85&gt;. </Message>
          <StackTrace>   at ExpatManagement.Test.ExpatCalculationTest.FinalPaymentTest() in D:\Source\Application\ExpatManager1.2a\ExpatManager\ExpatManagement.Test\ExpatCalculationTest.cs:line 103
</StackTrace>
        </ErrorInfo>
      </Output>
    </UnitTestResult>
  </Results>
</TestRun>